<?xml version="1.0" encoding="UTF-8"?>
<!-- Generated by org.testng.reporters.JUnitReportReporter -->
<testsuite hostname="DESKTOP-1KB2GI8" failures="0" tests="1" name="com.bunnycart.TestRunner.SiginaddcartNG" time="18.499" errors="0" timestamp="2025-03-21T17:00:23 IST" skipped="0">
  <testcase classname="com.bunnycart.TestRunner.SiginaddcartNG" name="runScenario" time="18.499"/>
</testsuite> <!-- com.bunnycart.TestRunner.SiginaddcartNG -->
