<?xml version="1.0" encoding="UTF-8"?>
<!-- Generated by org.testng.reporters.JUnitReportReporter -->
<testsuite hostname="DESKTOP-1KB2GI8" failures="0" tests="1" name="com.bunnycart.TestRunner.CreateNG" time="41.788" errors="0" timestamp="2025-03-21T17:00:23 IST" skipped="0">
  <testcase classname="com.bunnycart.TestRunner.CreateNG" name="runScenario" time="41.788"/>
</testsuite> <!-- com.bunnycart.TestRunner.CreateNG -->
