<?xml version="1.0" encoding="UTF-8"?>
<!-- Generated by org.testng.reporters.JUnitReportReporter -->
<testsuite hostname="DESKTOP-1KB2GI8" failures="0" tests="1" name="com.bunnycart.TestRunner.AddProductsNG" time="31.915" errors="0" timestamp="2025-03-25T09:46:42 IST" skipped="0">
  <testcase classname="com.bunnycart.TestRunner.AddProductsNG" name="runScenario" time="31.915"/>
</testsuite> <!-- com.bunnycart.TestRunner.AddProductsNG -->
