<?xml version="1.0" encoding="UTF-8"?>
<!-- Generated by org.testng.reporters.JUnitReportReporter -->
<testsuite hostname="DESKTOP-1KB2GI8" failures="0" tests="1" name="com.bunnycart.TestRunner.SignoutNG" time="9.167" errors="0" timestamp="2025-03-25T09:27:19 IST" skipped="0">
  <testcase classname="com.bunnycart.TestRunner.SignoutNG" name="runScenario" time="9.167"/>
</testsuite> <!-- com.bunnycart.TestRunner.SignoutNG -->
