<?xml version="1.0" encoding="UTF-8"?>
<!-- Generated by org.testng.reporters.JUnitReportReporter -->
<testsuite hostname="DESKTOP-1KB2GI8" failures="0" tests="1" name="com.bunnycart.TestRunner.SiginaddcartNG" time="25.812" errors="0" timestamp="2025-03-25T09:35:27 IST" skipped="0">
  <testcase classname="com.bunnycart.TestRunner.SiginaddcartNG" name="runScenario" time="25.812"/>
</testsuite> <!-- com.bunnycart.TestRunner.SiginaddcartNG -->
